  math.cpp
  Particle.cpp
C:\Users\Julian\source\repos\ParticleSimulation\ParticleSimulation\src\Particle.cpp(75,68): warning C4244: 'argument': conversion from 'int' to 'float', possible loss of data
C:\Users\Julian\source\repos\ParticleSimulation\ParticleSimulation\src\Particle.cpp(75,65): warning C4244: 'argument': conversion from 'int' to 'float', possible loss of data
C:\Users\Julian\source\repos\ParticleSimulation\ParticleSimulation\src\Particle.cpp(75,54): warning C4244: 'argument': conversion from 'int' to 'float', possible loss of data
C:\Users\Julian\source\repos\ParticleSimulation\ParticleSimulation\src\Particle.cpp(75,41): warning C4244: 'argument': conversion from 'int' to 'float', possible loss of data
C:\Users\Julian\source\repos\ParticleSimulation\ParticleSimulation\src\Particle.cpp(169,24): warning C4244: '=': conversion from 'float' to 'T', possible loss of data
          with
          [
              T=int
          ]
C:\Users\Julian\source\repos\ParticleSimulation\ParticleSimulation\src\Particle.cpp(210,32): warning C4244: '=': conversion from 'float' to 'T', possible loss of data
          with
          [
              T=int
          ]
  main.cpp
  Generating code
  Previous IPDB was built with incompatible compiler, fall back to full compilation.
C:\Users\Julian\source\repos\ParticleSimulation\ParticleSimulation\src\Particle.cpp(141): warning C4715: 'Particle::getViscosity': not all control paths return a value
C:\Users\Julian\source\repos\ParticleSimulation\ParticleSimulation\src\Particle.cpp(151): warning C4715: 'Particle::getColor': not all control paths return a value
  All 307 functions were compiled because no usable IPDB/IOBJ from previous compilation was found.
  Finished generating code
  ParticleSimulation.vcxproj -> C:\Users\Julian\source\repos\ParticleSimulation\x64\Release\ParticleSimulation.exe
