  main.cpp
C:\Users\Julian\source\repos\ParticleSimulation\ParticleSimulation\src\main.cpp(103,68): warning C4267: 'argument': conversion from 'size_t' to 'int', possible loss of data
C:\Users\Julian\source\repos\ParticleSimulation\ParticleSimulation\src\main.cpp(117,32): warning C4267: 'argument': conversion from 'size_t' to 'int', possible loss of data
C:\Users\Julian\source\repos\ParticleSimulation\ParticleSimulation\src\main.cpp(119,78): warning C4267: 'argument': conversion from 'size_t' to 'int', possible loss of data
C:\Users\Julian\source\repos\ParticleSimulation\ParticleSimulation\src\main.cpp(122,37): warning C4267: 'argument': conversion from 'size_t' to 'int', possible loss of data
C:\Users\Julian\source\repos\ParticleSimulation\ParticleSimulation\src\main.cpp(124,92): warning C4267: 'argument': conversion from 'size_t' to 'int', possible loss of data
C:\Users\Julian\source\repos\ParticleSimulation\ParticleSimulation\src\main.cpp(127,86): warning C4267: 'argument': conversion from 'size_t' to 'int', possible loss of data
C:\Users\Julian\source\repos\ParticleSimulation\ParticleSimulation\src\main.cpp(131,37): warning C4267: 'argument': conversion from 'size_t' to 'int', possible loss of data
C:\Users\Julian\source\repos\ParticleSimulation\ParticleSimulation\src\main.cpp(132,93): warning C4267: 'argument': conversion from 'size_t' to 'int', possible loss of data
C:\Users\Julian\source\repos\ParticleSimulation\ParticleSimulation\src\main.cpp(135,86): warning C4267: 'argument': conversion from 'size_t' to 'int', possible loss of data
C:\Users\Julian\source\repos\ParticleSimulation\ParticleSimulation\src\main.cpp(147,32): warning C4267: 'argument': conversion from 'size_t' to 'int', possible loss of data
C:\Users\Julian\source\repos\ParticleSimulation\ParticleSimulation\src\main.cpp(149,78): warning C4267: 'argument': conversion from 'size_t' to 'int', possible loss of data
C:\Users\Julian\source\repos\ParticleSimulation\ParticleSimulation\src\main.cpp(152,37): warning C4267: 'argument': conversion from 'size_t' to 'int', possible loss of data
C:\Users\Julian\source\repos\ParticleSimulation\ParticleSimulation\src\main.cpp(154,92): warning C4267: 'argument': conversion from 'size_t' to 'int', possible loss of data
C:\Users\Julian\source\repos\ParticleSimulation\ParticleSimulation\src\main.cpp(157,86): warning C4267: 'argument': conversion from 'size_t' to 'int', possible loss of data
C:\Users\Julian\source\repos\ParticleSimulation\ParticleSimulation\src\main.cpp(161,37): warning C4267: 'argument': conversion from 'size_t' to 'int', possible loss of data
C:\Users\Julian\source\repos\ParticleSimulation\ParticleSimulation\src\main.cpp(162,93): warning C4267: 'argument': conversion from 'size_t' to 'int', possible loss of data
C:\Users\Julian\source\repos\ParticleSimulation\ParticleSimulation\src\main.cpp(165,86): warning C4267: 'argument': conversion from 'size_t' to 'int', possible loss of data
C:\Users\Julian\source\repos\ParticleSimulation\ParticleSimulation\src\main.cpp(169,37): warning C4267: 'argument': conversion from 'size_t' to 'int', possible loss of data
C:\Users\Julian\source\repos\ParticleSimulation\ParticleSimulation\src\main.cpp(171,89): warning C4267: 'argument': conversion from 'size_t' to 'int', possible loss of data
C:\Users\Julian\source\repos\ParticleSimulation\ParticleSimulation\src\main.cpp(174,82): warning C4267: 'argument': conversion from 'size_t' to 'int', possible loss of data
C:\Users\Julian\source\repos\ParticleSimulation\ParticleSimulation\src\main.cpp(178,37): warning C4267: 'argument': conversion from 'size_t' to 'int', possible loss of data
C:\Users\Julian\source\repos\ParticleSimulation\ParticleSimulation\src\main.cpp(180,89): warning C4267: 'argument': conversion from 'size_t' to 'int', possible loss of data
C:\Users\Julian\source\repos\ParticleSimulation\ParticleSimulation\src\main.cpp(183,82): warning C4267: 'argument': conversion from 'size_t' to 'int', possible loss of data
C:\Users\Julian\source\repos\ParticleSimulation\ParticleSimulation\src\main.cpp(225,65): warning C4267: 'argument': conversion from 'size_t' to 'int', possible loss of data
C:\Users\Julian\source\repos\ParticleSimulation\ParticleSimulation\src\main.cpp(226,55): warning C4267: 'argument': conversion from 'size_t' to 'int', possible loss of data
C:\Users\Julian\source\repos\ParticleSimulation\ParticleSimulation\src\main.cpp(292,18): warning C4244: 'argument': conversion from 'int' to 'float', possible loss of data
C:\Users\Julian\source\repos\ParticleSimulation\ParticleSimulation\src\main.cpp(292,11): warning C4244: 'initializing': conversion from 'float' to 'int', possible loss of data
C:\Users\Julian\source\repos\ParticleSimulation\ParticleSimulation\src\main.cpp(297,34): warning C4244: 'argument': conversion from 'int' to 'float', possible loss of data
C:\Users\Julian\source\repos\ParticleSimulation\ParticleSimulation\src\main.cpp(297,31): warning C4244: 'argument': conversion from 'int' to 'float', possible loss of data
C:\Users\Julian\source\repos\ParticleSimulation\ParticleSimulation\src\main.cpp(297,20): warning C4244: 'initializing': conversion from 'float' to 'int', possible loss of data
C:\Users\Julian\source\repos\ParticleSimulation\ParticleSimulation\src\main.cpp(329): warning C4715: 'getColor': not all control paths return a value
  ParticleSimulation.vcxproj -> C:\Users\Julian\source\repos\ParticleSimulation\x64\Debug\ParticleSimulation.exe
